<?xml version="1.0" encoding="UTF-8"?>
<testng-results ignored="0" total="1" passed="1" failed="0" skipped="0">
  <reporter-output>
  </reporter-output>
  <suite started-at="2024-08-10T16:08:57 IST" name="Default suite" finished-at="2024-08-10T16:09:08 IST" duration-ms="10752">
    <groups>
    </groups>
    <test started-at="2024-08-10T16:08:57 IST" name="Default test" finished-at="2024-08-10T16:09:08 IST" duration-ms="10752">
      <class name="payLoad.PayLoadUsingMap_1">
        <test-method is-config="true" signature="setUp()[pri:0, instance:payLoad.PayLoadUsingMap_1@1cbb87f3]" started-at="2024-08-10T16:08:57 IST" name="setUp" finished-at="2024-08-10T16:08:59 IST" duration-ms="2439" status="PASS">
          <reporter-output>
          </reporter-output>
        </test-method> <!-- setUp -->
        <test-method signature="testPOSTReq()[pri:0, instance:payLoad.PayLoadUsingMap_1@1cbb87f3]" started-at="2024-08-10T16:08:59 IST" name="testPOSTReq" finished-at="2024-08-10T16:09:07 IST" duration-ms="8008" status="PASS">
          <reporter-output>
          </reporter-output>
        </test-method> <!-- testPOSTReq -->
        <test-method is-config="true" signature="tearDown()[pri:0, instance:payLoad.PayLoadUsingMap_1@1cbb87f3]" started-at="2024-08-10T16:09:07 IST" name="tearDown" finished-at="2024-08-10T16:09:08 IST" duration-ms="240" status="PASS">
          <reporter-output>
          </reporter-output>
        </test-method> <!-- tearDown -->
      </class> <!-- payLoad.PayLoadUsingMap_1 -->
    </test> <!-- Default test -->
  </suite> <!-- Default suite -->
</testng-results>
